# JRE version: OpenJDK Runtime Environment (14.0.1+7) (build 14.0.1+7-Ubuntu-1ubuntu1)
# Java VM: OpenJDK 64-Bit Server VM (14.0.1+7-Ubuntu-1ubuntu1, mixed mode, sharing, tiered, compressed oops, g1 gc, linux-amd64)
Heap:
 garbage-first heap   total 262144K, used 78250K [0x00000000e0000000, 0x0000000100000000)
  region size 1024K, 23 young (23552K), 3 survivors (3072K)
 Metaspace       used 58368K, capacity 60327K, committed 60544K, reserved 307200K
  class space    used 8220K, capacity 8963K, committed 9088K, reserved 253952K
GC Heap History (16 events):
Event: 0.462 GC heap before
{Heap before GC invocations=0 (full 0):
 garbage-first heap   total 264192K, used 19268K [0x00000000e0000000, 0x0000000100000000)
  region size 1024K, 13 young (13312K), 0 survivors (0K)
 Metaspace       used 1812K, capacity 5351K, committed 5504K, reserved 262144K
  class space    used 199K, capacity 548K, committed 640K, reserved 253952K
}
Event: 0.466 GC heap after
{Heap after GC invocations=1 (full 0):
 garbage-first heap   total 264192K, used 8297K [0x00000000e0000000, 0x0000000100000000)
  region size 1024K, 2 young (2048K), 2 survivors (2048K)
 Metaspace       used 1812K, capacity 5351K, committed 5504K, reserved 262144K
  class space    used 199K, capacity 548K, committed 640K, reserved 253952K
}
Event: 0.776 GC heap before
{Heap before GC invocations=1 (full 0):
 garbage-first heap   total 264192K, used 22633K [0x00000000e0000000, 0x0000000100000000)
  region size 1024K, 16 young (16384K), 2 survivors (2048K)
 Metaspace       used 3883K, capacity 6659K, committed 6784K, reserved 262144K
  class space    used 501K, capacity 794K, committed 896K, reserved 253952K
}
Event: 0.780 GC heap after
{Heap after GC invocations=2 (full 0):
 garbage-first heap   total 264192K, used 8818K [0x00000000e0000000, 0x0000000100000000)
  region size 1024K, 1 young (1024K), 1 survivors (1024K)
 Metaspace       used 3883K, capacity 6659K, committed 6784K, reserved 262144K
  class space    used 501K, capacity 794K, committed 896K, reserved 253952K
}
Event: 2.071 GC heap before
{Heap before GC invocations=2 (full 0):
 garbage-first heap   total 264192K, used 82546K [0x00000000e0000000, 0x0000000100000000)
  region size 1024K, 73 young (74752K), 1 survivors (1024K)
 Metaspace       used 12985K, capacity 13503K, committed 13824K, reserved 266240K
  class space    used 1792K, capacity 1945K, committed 2048K, reserved 253952K
}
Event: 2.085 GC heap after
{Heap after GC invocations=3 (full 0):
 garbage-first heap   total 264192K, used 15580K [0x00000000e0000000, 0x0000000100000000)
  region size 1024K, 8 young (8192K), 8 survivors (8192K)
 Metaspace       used 12985K, capacity 13503K, committed 13824K, reserved 266240K
  class space    used 1792K, capacity 1945K, committed 2048K, reserved 253952K
}
Event: 3.228 GC heap before
{Heap before GC invocations=3 (full 0):
 garbage-first heap   total 264192K, used 81116K [0x00000000e0000000, 0x0000000100000000)
  region size 1024K, 73 young (74752K), 8 survivors (8192K)
 Metaspace       used 20630K, capacity 21178K, committed 21296K, reserved 272384K
  class space    used 3003K, capacity 3189K, committed 3200K, reserved 253952K
}
Event: 3.246 GC heap after
{Heap after GC invocations=4 (full 0):
 garbage-first heap   total 264192K, used 18205K [0x00000000e0000000, 0x0000000100000000)
  region size 1024K, 10 young (10240K), 10 survivors (10240K)
 Metaspace       used 20630K, capacity 21178K, committed 21296K, reserved 272384K
  class space    used 3003K, capacity 3189K, committed 3200K, reserved 253952K
}
Event: 5.321 GC heap before
{Heap before GC invocations=5 (full 0):
 garbage-first heap   total 262144K, used 146205K [0x00000000e0000000, 0x0000000100000000)
  region size 1024K, 134 young (137216K), 10 survivors (10240K)
 Metaspace       used 34979K, capacity 35796K, committed 35968K, reserved 284672K
  class space    used 4832K, capacity 5176K, committed 5248K, reserved 253952K
}
Event: 5.353 GC heap after
{Heap after GC invocations=6 (full 0):
 garbage-first heap   total 262144K, used 26883K [0x00000000e0000000, 0x0000000100000000)
  region size 1024K, 19 young (19456K), 19 survivors (19456K)
 Metaspace       used 34979K, capacity 35796K, committed 35968K, reserved 284672K
  class space    used 4832K, capacity 5176K, committed 5248K, reserved 253952K
}
Event: 6.860 GC heap before
{Heap before GC invocations=7 (full 0):
 garbage-first heap   total 262144K, used 164099K [0x00000000e0000000, 0x0000000100000000)
  region size 1024K, 153 young (156672K), 19 survivors (19456K)
 Metaspace       used 39692K, capacity 40925K, committed 41216K, reserved 290816K
  class space    used 5582K, capacity 6026K, committed 6144K, reserved 253952K
}
Event: 6.908 GC heap after
{Heap after GC invocations=8 (full 0):
 garbage-first heap   total 262144K, used 36999K [0x00000000e0000000, 0x0000000100000000)
  region size 1024K, 20 young (20480K), 20 survivors (20480K)
 Metaspace       used 39692K, capacity 40925K, committed 41216K, reserved 290816K
  class space    used 5582K, capacity 6026K, committed 6144K, reserved 253952K
}
Event: 9.641 GC heap before
{Heap before GC invocations=8 (full 0):
 garbage-first heap   total 262144K, used 172167K [0x00000000e0000000, 0x0000000100000000)
  region size 1024K, 153 young (156672K), 20 survivors (20480K)
 Metaspace       used 55688K, capacity 57525K, committed 57856K, reserved 303104K
  class space    used 7894K, capacity 8590K, committed 8704K, reserved 253952K
}
Event: 9.716 GC heap after
{Heap after GC invocations=9 (full 0):
 garbage-first heap   total 262144K, used 57637K [0x00000000e0000000, 0x0000000100000000)
  region size 1024K, 20 young (20480K), 20 survivors (20480K)
 Metaspace       used 55688K, capacity 57525K, committed 57856K, reserved 303104K
  class space    used 7894K, capacity 8590K, committed 8704K, reserved 253952K
}
Event: 10.361 GC heap before
{Heap before GC invocations=9 (full 0):
 garbage-first heap   total 262144K, used 85285K [0x00000000e0000000, 0x0000000100000000)
  region size 1024K, 48 young (49152K), 20 survivors (20480K)
 Metaspace       used 58154K, capacity 60140K, committed 60288K, reserved 305152K
  class space    used 8213K, capacity 8970K, committed 9088K, reserved 253952K
}
Event: 10.401 GC heap after
{Heap after GC invocations=10 (full 0):
 garbage-first heap   total 262144K, used 58794K [0x00000000e0000000, 0x0000000100000000)
  region size 1024K, 3 young (3072K), 3 survivors (3072K)
 Metaspace       used 58154K, capacity 60140K, committed 60288K, reserved 305152K
  class space    used 8213K, capacity 8970K, committed 9088K, reserved 253952K
}

